2014-08-26 21:55:20 Error: [MissingConnectionException] Database connection "Mysql" is missing, or could not be created.
Exception Attributes: array (
  'class' => 'Mysql',
  'message' => 'SQLSTATE[HY000] [1044] Access denied for user \'vpq\'@\'localhost\' to database \'plseduvn_questionbank\'',
  'enabled' => true,
)
Request URL: /questionbank/people/dashboard
Stack Trace:
#0 F:\Dropbox\http\questionbank\lib\Cake\Model\Datasource\DboSource.php(260): Mysql->connect()
#1 F:\Dropbox\http\questionbank\lib\Cake\Model\ConnectionManager.php(105): DboSource->__construct(Array)
#2 F:\Dropbox\http\questionbank\lib\Cake\Model\Model.php(3498): ConnectionManager::getDataSource('default')
#3 F:\Dropbox\http\questionbank\lib\Cake\Model\Model.php(1136): Model->setDataSource('default')
#4 F:\Dropbox\http\questionbank\lib\Cake\Model\Model.php(3525): Model->setSource('scores')
#5 F:\Dropbox\http\questionbank\lib\Cake\Model\Model.php(3327): Model->getDataSource()
#6 F:\Dropbox\http\questionbank\app\Model\Score.php(240): Model->query('select * from s...')
#7 F:\Dropbox\http\questionbank\app\Controller\PeopleController.php(224): Score->overall('1', 2)
#8 [internal function]: PeopleController->dashboard()
#9 F:\Dropbox\http\questionbank\lib\Cake\Controller\Controller.php(490): ReflectionMethod->invokeArgs(Object(PeopleController), Array)
#10 F:\Dropbox\http\questionbank\lib\Cake\Routing\Dispatcher.php(191): Controller->invokeAction(Object(CakeRequest))
#11 F:\Dropbox\http\questionbank\lib\Cake\Routing\Dispatcher.php(165): Dispatcher->_invoke(Object(PeopleController), Object(CakeRequest))
#12 F:\Dropbox\http\questionbank\app\webroot\index.php(108): Dispatcher->dispatch(Object(CakeRequest), Object(CakeResponse))
#13 {main}
2014-08-26 22:00:38 Error: [NotFoundException] Invalid person
Request URL: /questionbank/people/view/1
Stack Trace:
#0 [internal function]: PeopleController->view('1')
#1 F:\Dropbox\http\questionbank\lib\Cake\Controller\Controller.php(490): ReflectionMethod->invokeArgs(Object(PeopleController), Array)
#2 F:\Dropbox\http\questionbank\lib\Cake\Routing\Dispatcher.php(191): Controller->invokeAction(Object(CakeRequest))
#3 F:\Dropbox\http\questionbank\lib\Cake\Routing\Dispatcher.php(165): Dispatcher->_invoke(Object(PeopleController), Object(CakeRequest))
#4 F:\Dropbox\http\questionbank\app\webroot\index.php(108): Dispatcher->dispatch(Object(CakeRequest), Object(CakeResponse))
#5 {main}
2014-09-05 23:52:43 Error: [MissingViewException] View file "F:\Dropbox\http\questionbank\app\View\Admin\upload_file.ctp" is missing.
Exception Attributes: array (
  'file' => 'F:\\Dropbox\\http\\questionbank\\app\\View\\Admin\\upload_file.ctp',
)
Request URL: /questionbank/Admin/uploadFile
Stack Trace:
#0 F:\Dropbox\http\questionbank\lib\Cake\View\View.php(468): View->_getViewFileName(NULL)
#1 F:\Dropbox\http\questionbank\lib\Cake\Controller\Controller.php(954): View->render(NULL, NULL)
#2 F:\Dropbox\http\questionbank\lib\Cake\Routing\Dispatcher.php(198): Controller->render()
#3 F:\Dropbox\http\questionbank\lib\Cake\Routing\Dispatcher.php(165): Dispatcher->_invoke(Object(AdminController), Object(CakeRequest))
#4 F:\Dropbox\http\questionbank\app\webroot\index.php(108): Dispatcher->dispatch(Object(CakeRequest), Object(CakeResponse))
#5 {main}
2014-09-05 23:52:44 Error: Fatal Error (64): Cannot redeclare class Facebook in [F:\Dropbox\http\questionbank\app\Vendor\facebook-php-sdk-master\src\facebook.php, line 228]
2014-09-05 23:52:44 Error: [FatalErrorException] Cannot redeclare class Facebook
Request URL: /questionbank/Admin/uploadFile
Stack Trace:
#0 F:\Dropbox\http\questionbank\lib\Cake\Error\ErrorHandler.php(203): ErrorHandler::handleFatalError(64, 'Cannot redeclar...', 'F:\\Dropbox\\http...', 228)
#1 [internal function]: ErrorHandler::handleError(64, 'Cannot redeclar...', 'F:\\Dropbox\\http...', 228, Array)
#2 F:\Dropbox\http\questionbank\lib\Cake\Core\App.php(931): call_user_func('ErrorHandler::h...', 64, 'Cannot redeclar...', 'F:\\Dropbox\\http...', 228, Array)
#3 F:\Dropbox\http\questionbank\lib\Cake\Core\App.php(904): App::_checkFatalError()
#4 [internal function]: App::shutdown()
#5 {main}
2014-09-06 00:06:23 Error: Fatal Error (1): Call to undefined function false() in [F:\Dropbox\http\questionbank\app\Controller\AdminController.php, line 59]
2014-09-06 00:06:23 Error: [FatalErrorException] Call to undefined function false()
Request URL: /questionbank/Admin/uploadFile
Stack Trace:
#0 F:\Dropbox\http\questionbank\lib\Cake\Error\ErrorHandler.php(203): ErrorHandler::handleFatalError(1, 'Call to undefin...', 'F:\\Dropbox\\http...', 59)
#1 [internal function]: ErrorHandler::handleError(1, 'Call to undefin...', 'F:\\Dropbox\\http...', 59, Array)
#2 F:\Dropbox\http\questionbank\lib\Cake\Core\App.php(931): call_user_func('ErrorHandler::h...', 1, 'Call to undefin...', 'F:\\Dropbox\\http...', 59, Array)
#3 F:\Dropbox\http\questionbank\lib\Cake\Core\App.php(904): App::_checkFatalError()
#4 [internal function]: App::shutdown()
#5 {main}
2014-09-06 00:06:57 Error: Fatal Error (1): Call to undefined function false() in [F:\Dropbox\http\questionbank\app\Controller\AdminController.php, line 59]
2014-09-06 00:06:57 Error: [FatalErrorException] Call to undefined function false()
Request URL: /questionbank/Admin/uploadFile
Stack Trace:
#0 F:\Dropbox\http\questionbank\lib\Cake\Error\ErrorHandler.php(203): ErrorHandler::handleFatalError(1, 'Call to undefin...', 'F:\\Dropbox\\http...', 59)
#1 [internal function]: ErrorHandler::handleError(1, 'Call to undefin...', 'F:\\Dropbox\\http...', 59, Array)
#2 F:\Dropbox\http\questionbank\lib\Cake\Core\App.php(931): call_user_func('ErrorHandler::h...', 1, 'Call to undefin...', 'F:\\Dropbox\\http...', 59, Array)
#3 F:\Dropbox\http\questionbank\lib\Cake\Core\App.php(904): App::_checkFatalError()
#4 [internal function]: App::shutdown()
#5 {main}
2014-09-06 00:44:48 Error: Fatal Error (1): Call to a member function editor() on a non-object in [F:\Dropbox\http\questionbank\app\Controller\AdminController.php, line 55]
2014-09-06 00:44:48 Error: [FatalErrorException] Call to a member function editor() on a non-object
Request URL: /questionbank/Admin/insertQuestions
Stack Trace:
#0 F:\Dropbox\http\questionbank\lib\Cake\Error\ErrorHandler.php(203): ErrorHandler::handleFatalError(1, 'Call to a membe...', 'F:\\Dropbox\\http...', 55)
#1 [internal function]: ErrorHandler::handleError(1, 'Call to a membe...', 'F:\\Dropbox\\http...', 55, Array)
#2 F:\Dropbox\http\questionbank\lib\Cake\Core\App.php(931): call_user_func('ErrorHandler::h...', 1, 'Call to a membe...', 'F:\\Dropbox\\http...', 55, Array)
#3 F:\Dropbox\http\questionbank\lib\Cake\Core\App.php(904): App::_checkFatalError()
#4 [internal function]: App::shutdown()
#5 {main}
2014-09-06 00:45:14 Error: Fatal Error (1): Call to a member function editor() on a non-object in [F:\Dropbox\http\questionbank\app\Controller\AdminController.php, line 55]
2014-09-06 00:45:14 Error: [FatalErrorException] Call to a member function editor() on a non-object
Request URL: /questionbank/Admin/insertQuestions
Stack Trace:
#0 F:\Dropbox\http\questionbank\lib\Cake\Error\ErrorHandler.php(203): ErrorHandler::handleFatalError(1, 'Call to a membe...', 'F:\\Dropbox\\http...', 55)
#1 [internal function]: ErrorHandler::handleError(1, 'Call to a membe...', 'F:\\Dropbox\\http...', 55, Array)
#2 F:\Dropbox\http\questionbank\lib\Cake\Core\App.php(931): call_user_func('ErrorHandler::h...', 1, 'Call to a membe...', 'F:\\Dropbox\\http...', 55, Array)
#3 F:\Dropbox\http\questionbank\lib\Cake\Core\App.php(904): App::_checkFatalError()
#4 [internal function]: App::shutdown()
#5 {main}
2014-09-06 00:45:39 Error: Fatal Error (1): Call to a member function editor() on a non-object in [F:\Dropbox\http\questionbank\app\Controller\AdminController.php, line 55]
2014-09-06 00:45:39 Error: [FatalErrorException] Call to a member function editor() on a non-object
Request URL: /questionbank/Admin/insertQuestions
Stack Trace:
#0 F:\Dropbox\http\questionbank\lib\Cake\Error\ErrorHandler.php(203): ErrorHandler::handleFatalError(1, 'Call to a membe...', 'F:\\Dropbox\\http...', 55)
#1 [internal function]: ErrorHandler::handleError(1, 'Call to a membe...', 'F:\\Dropbox\\http...', 55, Array)
#2 F:\Dropbox\http\questionbank\lib\Cake\Core\App.php(931): call_user_func('ErrorHandler::h...', 1, 'Call to a membe...', 'F:\\Dropbox\\http...', 55, Array)
#3 F:\Dropbox\http\questionbank\lib\Cake\Core\App.php(904): App::_checkFatalError()
#4 [internal function]: App::shutdown()
#5 {main}
2014-09-06 00:56:20 Error: [MissingControllerException] Controller class TinyMCEController could not be found.
Exception Attributes: array (
  'class' => 'TinyMCEController',
  'plugin' => NULL,
)
Request URL: /questionbank/TinyMCE
Stack Trace:
#0 F:\Dropbox\http\questionbank\app\webroot\index.php(108): Dispatcher->dispatch(Object(CakeRequest), Object(CakeResponse))
#1 {main}
2014-09-06 00:56:58 Error: [MissingControllerException] Controller class TinyMCEController could not be found.
Exception Attributes: array (
  'class' => 'TinyMCEController',
  'plugin' => NULL,
)
Request URL: /questionbank/TinyMCE
Stack Trace:
#0 F:\Dropbox\http\questionbank\app\webroot\index.php(108): Dispatcher->dispatch(Object(CakeRequest), Object(CakeResponse))
#1 {main}
2014-09-06 07:11:42 Error: [MissingControllerException] Controller class QuestionbankController could not be found.
Exception Attributes: array (
  'class' => 'QuestionbankController',
  'plugin' => NULL,
)
Request URL: /questionbank/questionbank/TinyMCE/js/tiny_mce/tiny_mce.js
Stack Trace:
#0 F:\Dropbox\http\questionbank\app\webroot\index.php(108): Dispatcher->dispatch(Object(CakeRequest), Object(CakeResponse))
#1 {main}
2014-09-06 07:15:27 Error: [MissingControllerException] Controller class QuestionbankController could not be found.
Exception Attributes: array (
  'class' => 'QuestionbankController',
  'plugin' => NULL,
)
Request URL: /questionbank/questionbank/TinyMCE/js/tiny_mce/tiny_mce.js
Stack Trace:
#0 F:\Dropbox\http\questionbank\app\webroot\index.php(108): Dispatcher->dispatch(Object(CakeRequest), Object(CakeResponse))
#1 {main}
2014-09-06 07:15:44 Error: [MissingControllerException] Controller class JsController could not be found.
Exception Attributes: array (
  'class' => 'JsController',
  'plugin' => NULL,
)
Request URL: /questionbank/js/questionbank/TinyMCE/js/tiny_mce/tiny_mce.js
Stack Trace:
#0 F:\Dropbox\http\questionbank\app\webroot\index.php(108): Dispatcher->dispatch(Object(CakeRequest), Object(CakeResponse))
#1 {main}
2014-09-06 07:15:46 Error: [MissingControllerException] Controller class JsController could not be found.
Exception Attributes: array (
  'class' => 'JsController',
  'plugin' => NULL,
)
Request URL: /questionbank/js/questionbank/TinyMCE/js/tiny_mce/tiny_mce.js
Stack Trace:
#0 F:\Dropbox\http\questionbank\app\webroot\index.php(108): Dispatcher->dispatch(Object(CakeRequest), Object(CakeResponse))
#1 {main}
2014-09-06 07:21:52 Error: [MissingControllerException] Controller class JsController could not be found.
Exception Attributes: array (
  'class' => 'JsController',
  'plugin' => 'TinyMCE',
)
Request URL: /questionbank/tiny_m_c_e/js/tiny_mce.js
Stack Trace:
#0 F:\Dropbox\http\questionbank\app\webroot\index.php(108): Dispatcher->dispatch(Object(CakeRequest), Object(CakeResponse))
#1 {main}
2014-09-06 07:22:27 Error: [MissingControllerException] Controller class JsController could not be found.
Exception Attributes: array (
  'class' => 'JsController',
  'plugin' => 'TinyMCE',
)
Request URL: /questionbank/tiny_m_c_e/js/tiny_mce.js
Stack Trace:
#0 F:\Dropbox\http\questionbank\app\webroot\index.php(108): Dispatcher->dispatch(Object(CakeRequest), Object(CakeResponse))
#1 {main}
2014-09-06 07:22:34 Error: [MissingControllerException] Controller class JsController could not be found.
Exception Attributes: array (
  'class' => 'JsController',
  'plugin' => 'TinyMCE',
)
Request URL: /questionbank/tiny_m_c_e/js/tiny_mce.js
Stack Trace:
#0 F:\Dropbox\http\questionbank\app\webroot\index.php(108): Dispatcher->dispatch(Object(CakeRequest), Object(CakeResponse))
#1 {main}
2014-09-06 07:22:38 Error: [MissingControllerException] Controller class JsController could not be found.
Exception Attributes: array (
  'class' => 'JsController',
  'plugin' => 'TinyMCE',
)
Request URL: /questionbank/tiny_m_c_e/js/tiny_mce.js
Stack Trace:
#0 F:\Dropbox\http\questionbank\app\webroot\index.php(108): Dispatcher->dispatch(Object(CakeRequest), Object(CakeResponse))
#1 {main}
2014-09-06 07:27:26 Error: [MissingControllerException] Controller class JsController could not be found.
Exception Attributes: array (
  'class' => 'JsController',
  'plugin' => 'TinyMCE',
)
Request URL: /questionbank/tiny_m_c_e/js/tiny_mce.tiny_mce.js
Stack Trace:
#0 F:\Dropbox\http\questionbank\app\webroot\index.php(108): Dispatcher->dispatch(Object(CakeRequest), Object(CakeResponse))
#1 {main}
2014-09-06 07:27:32 Error: [MissingControllerException] Controller class JsController could not be found.
Exception Attributes: array (
  'class' => 'JsController',
  'plugin' => 'TinyMCE',
)
Request URL: /questionbank/tiny_m_c_e/js/tiny_mce.tiny_mce.js
Stack Trace:
#0 F:\Dropbox\http\questionbank\app\webroot\index.php(108): Dispatcher->dispatch(Object(CakeRequest), Object(CakeResponse))
#1 {main}
2014-09-06 07:29:02 Error: [MissingControllerException] Controller class QuestionbankController could not be found.
Exception Attributes: array (
  'class' => 'QuestionbankController',
  'plugin' => NULL,
)
Request URL: /questionbank/questionbank/TinyMCE/js/tiny_mce/tiny_mce.js
Stack Trace:
#0 F:\Dropbox\http\questionbank\app\webroot\index.php(108): Dispatcher->dispatch(Object(CakeRequest), Object(CakeResponse))
#1 {main}
2014-09-06 07:30:44 Error: [MissingControllerException] Controller class QuestionbankController could not be found.
Exception Attributes: array (
  'class' => 'QuestionbankController',
  'plugin' => NULL,
)
Request URL: /questionbank/questionbank/TinyMCE/js/tiny_mce/tiny_mce.js
Stack Trace:
#0 F:\Dropbox\http\questionbank\app\webroot\index.php(108): Dispatcher->dispatch(Object(CakeRequest), Object(CakeResponse))
#1 {main}
2014-09-06 07:34:03 Error: [MissingControllerException] Controller class QuestionbankController could not be found.
Exception Attributes: array (
  'class' => 'QuestionbankController',
  'plugin' => NULL,
)
Request URL: /questionbank/questionbank/TinyMCE/js/tiny_mce/tiny_mce.js
Stack Trace:
#0 F:\Dropbox\http\questionbank\app\webroot\index.php(108): Dispatcher->dispatch(Object(CakeRequest), Object(CakeResponse))
#1 {main}
2014-09-06 12:14:45 Error: [MissingHelperException] Helper class TinyMCEHelper could not be found.
Exception Attributes: array (
  'class' => 'TinyMCEHelper',
  'plugin' => false,
)
Request URL: /questionbank/Admin/insertQuestions
Stack Trace:
#0 F:\Dropbox\http\questionbank\lib\Cake\View\HelperCollection.php(63): HelperCollection->load('TinyMCE')
#1 F:\Dropbox\http\questionbank\lib\Cake\View\View.php(837): HelperCollection->__isset('TinyMCE')
#2 F:\Dropbox\http\questionbank\app\View\Admin\insert_questions.ctp(24): View->__get('TinyMCE')
#3 F:\Dropbox\http\questionbank\lib\Cake\View\View.php(948): include('F:\\Dropbox\\http...')
#4 F:\Dropbox\http\questionbank\lib\Cake\View\View.php(910): View->_evaluate('F:\\Dropbox\\http...', Array)
#5 F:\Dropbox\http\questionbank\lib\Cake\View\View.php(471): View->_render('F:\\Dropbox\\http...')
#6 F:\Dropbox\http\questionbank\lib\Cake\Controller\Controller.php(954): View->render(NULL, NULL)
#7 F:\Dropbox\http\questionbank\lib\Cake\Routing\Dispatcher.php(198): Controller->render()
#8 F:\Dropbox\http\questionbank\lib\Cake\Routing\Dispatcher.php(165): Dispatcher->_invoke(Object(AdminController), Object(CakeRequest))
#9 F:\Dropbox\http\questionbank\app\webroot\index.php(108): Dispatcher->dispatch(Object(CakeRequest), Object(CakeResponse))
#10 {main}
2014-09-06 12:23:34 Error: Fatal Error (1): Call to a member function url() on a non-object in [F:\Dropbox\http\questionbank\app\Config\elfinder.php, line 27]
2014-09-06 12:23:34 Error: [FatalErrorException] Call to a member function url() on a non-object
Request URL: /questionbank/Admin/insertQuestions
Stack Trace:
#0 F:\Dropbox\http\questionbank\lib\Cake\Error\ErrorHandler.php(203): ErrorHandler::handleFatalError(1, 'Call to a membe...', 'F:\\Dropbox\\http...', 27)
#1 [internal function]: ErrorHandler::handleError(1, 'Call to a membe...', 'F:\\Dropbox\\http...', 27, Array)
#2 F:\Dropbox\http\questionbank\lib\Cake\Core\App.php(931): call_user_func('ErrorHandler::h...', 1, 'Call to a membe...', 'F:\\Dropbox\\http...', 27, Array)
#3 F:\Dropbox\http\questionbank\lib\Cake\Core\App.php(904): App::_checkFatalError()
#4 [internal function]: App::shutdown()
#5 {main}
2014-09-06 12:41:27 Error: Fatal Error (4): syntax error, unexpected ';' in [F:\Dropbox\http\questionbank\app\Controller\AdminController.php, line 56]
2014-09-06 12:41:27 Error: [FatalErrorException] syntax error, unexpected ';'
Request URL: /questionbank/Admin/insertQuestions
Stack Trace:
#0 F:\Dropbox\http\questionbank\lib\Cake\Error\ErrorHandler.php(203): ErrorHandler::handleFatalError(4, 'syntax error, u...', 'F:\\Dropbox\\http...', 56)
#1 [internal function]: ErrorHandler::handleError(4, 'syntax error, u...', 'F:\\Dropbox\\http...', 56, Array)
#2 F:\Dropbox\http\questionbank\lib\Cake\Core\App.php(931): call_user_func('ErrorHandler::h...', 4, 'syntax error, u...', 'F:\\Dropbox\\http...', 56, Array)
#3 F:\Dropbox\http\questionbank\lib\Cake\Core\App.php(904): App::_checkFatalError()
#4 [internal function]: App::shutdown()
#5 {main}
